Build started 7/14/2026 8:21:24 PM.
     1>Project "E:\GameProject\Genesis Whispers of the Infected\Genesis Whispers of the Infected\Genesis Whispers of the Infected.vcxproj" on node 2 (Build target(s)).
     1>ClCompile:
         E:\VS 2013\VC\bin\CL.exe /c /I"E:\GameProject\Genesis Whispers of the Infected\Genesis Whispers of the Infected\\" /I"E:\GameProject\Genesis Whispers of the Infected\Genesis Whispers of the Infected\src" /ZI /nologo /W3 /WX- /sdl /Od /Oy- /D _MBCS /Gm /EHsc /RTC1 /MDd /GS /fp:precise /Zc:wchar_t /Zc:forScope /Fo"Debug\\" /Fd"Debug\vc120.pdb" /Gd /TP /analyze- /errorReport:prompt src\game_manager.cpp
         game_manager.cpp
       Link:
         E:\VS 2013\VC\bin\link.exe /ERRORREPORT:PROMPT /OUT:"E:\GameProject\Genesis Whispers of the Infected\Debug\Genesis Whispers of the Infected.exe" /INCREMENTAL /NOLOGO kernel32.lib user32.lib gdi32.lib winspool.lib comdlg32.lib advapi32.lib shell32.lib ole32.lib oleaut32.lib uuid.lib odbc32.lib odbccp32.lib /MANIFEST /MANIFESTUAC:"level='asInvoker' uiAccess='false'" /manifest:embed /DEBUG /PDB:"E:\GameProject\Genesis Whispers of the Infected\Debug\Genesis Whispers of the Infected.pdb" /TLBID:1 /DYNAMICBASE /NXCOMPAT /IMPLIB:"E:\GameProject\Genesis Whispers of the Infected\Debug\Genesis Whispers of the Infected.lib" /MACHINE:X86 Debug\enemy.obj
         Debug\game_manager.obj
         Debug\leaderboard.obj
         Debug\main.obj
         Debug\map.obj
         Debug\player.obj
         Glaux.lib
         GLU32.LIB
         glui32.lib
         glut32.lib
         OPENGL32.LIB
         Genesis Whispers of the Infected.vcxproj -> E:\GameProject\Genesis Whispers of the Infected\Debug\Genesis Whispers of the Infected.exe
     1>Done Building Project "E:\GameProject\Genesis Whispers of the Infected\Genesis Whispers of the Infected\Genesis Whispers of the Infected.vcxproj" (Build target(s)).

Build succeeded.

Time Elapsed 00:00:01.04
